{
  "/Users/milk/Development/stronger/src/domain/index.ts": {
    "path": "/Users/milk/Development/stronger/src/domain/index.ts",
    "all": false,
    "statementMap": {
      "0": {
        "start": { "line": 1, "column": 0 },
        "end": { "line": 1, "column": 30 }
      },
      "1": {
        "start": { "line": 2, "column": 0 },
        "end": { "line": 2, "column": 0 }
      },
      "2": {
        "start": { "line": 3, "column": 0 },
        "end": { "line": 3, "column": 16 }
      },
      "3": {
        "start": { "line": 4, "column": 0 },
        "end": { "line": 4, "column": 20 }
      },
      "4": {
        "start": { "line": 5, "column": 0 },
        "end": { "line": 5, "column": 23 }
      },
      "5": {
        "start": { "line": 6, "column": 0 },
        "end": { "line": 6, "column": 0 }
      },
      "6": {
        "start": { "line": 7, "column": 0 },
        "end": { "line": 7, "column": 17 }
      },
      "7": {
        "start": { "line": 8, "column": 0 },
        "end": { "line": 8, "column": 0 }
      },
      "8": {
        "start": { "line": 9, "column": 0 },
        "end": { "line": 9, "column": 20 }
      },
      "9": {
        "start": { "line": 10, "column": 0 },
        "end": { "line": 10, "column": 0 }
      },
      "10": {
        "start": { "line": 11, "column": 0 },
        "end": { "line": 11, "column": 18 }
      },
      "11": {
        "start": { "line": 12, "column": 0 },
        "end": { "line": 12, "column": 26 }
      },
      "12": {
        "start": { "line": 13, "column": 0 },
        "end": { "line": 13, "column": 0 }
      },
      "13": {
        "start": { "line": 14, "column": 0 },
        "end": { "line": 14, "column": 22 }
      },
      "14": {
        "start": { "line": 15, "column": 0 },
        "end": { "line": 15, "column": 0 }
      },
      "15": {
        "start": { "line": 16, "column": 0 },
        "end": { "line": 16, "column": 20 }
      },
      "16": {
        "start": { "line": 17, "column": 0 },
        "end": { "line": 17, "column": 30 }
      },
      "17": {
        "start": { "line": 18, "column": 0 },
        "end": { "line": 18, "column": 0 }
      },
      "18": {
        "start": { "line": 19, "column": 0 },
        "end": { "line": 19, "column": 23 }
      },
      "19": {
        "start": { "line": 20, "column": 0 },
        "end": { "line": 20, "column": 2 }
      },
      "20": {
        "start": { "line": 21, "column": 0 },
        "end": { "line": 21, "column": 0 }
      },
      "21": {
        "start": { "line": 22, "column": 0 },
        "end": { "line": 22, "column": 49 }
      },
      "22": {
        "start": { "line": 23, "column": 0 },
        "end": { "line": 23, "column": 57 }
      },
      "23": {
        "start": { "line": 24, "column": 0 },
        "end": { "line": 24, "column": 67 }
      },
      "24": {
        "start": { "line": 25, "column": 0 },
        "end": { "line": 25, "column": 0 }
      },
      "25": {
        "start": { "line": 26, "column": 0 },
        "end": { "line": 26, "column": 32 }
      },
      "26": {
        "start": { "line": 27, "column": 0 },
        "end": { "line": 27, "column": 40 }
      },
      "27": {
        "start": { "line": 28, "column": 0 },
        "end": { "line": 28, "column": 17 }
      },
      "28": {
        "start": { "line": 29, "column": 0 },
        "end": { "line": 29, "column": 4 }
      },
      "29": {
        "start": { "line": 30, "column": 0 },
        "end": { "line": 30, "column": 0 }
      },
      "30": {
        "start": { "line": 31, "column": 0 },
        "end": { "line": 31, "column": 37 }
      },
      "31": {
        "start": { "line": 32, "column": 0 },
        "end": { "line": 32, "column": 0 }
      },
      "32": {
        "start": { "line": 33, "column": 0 },
        "end": { "line": 33, "column": 58 }
      },
      "33": {
        "start": { "line": 34, "column": 0 },
        "end": { "line": 34, "column": 0 }
      },
      "34": {
        "start": { "line": 35, "column": 0 },
        "end": { "line": 35, "column": 20 }
      },
      "35": {
        "start": { "line": 36, "column": 0 },
        "end": { "line": 36, "column": 0 }
      },
      "36": {
        "start": { "line": 37, "column": 0 },
        "end": { "line": 37, "column": 55 }
      },
      "37": {
        "start": { "line": 38, "column": 0 },
        "end": { "line": 38, "column": 0 }
      },
      "38": {
        "start": { "line": 39, "column": 0 },
        "end": { "line": 39, "column": 50 }
      },
      "39": {
        "start": { "line": 40, "column": 0 },
        "end": { "line": 40, "column": 65 }
      },
      "40": {
        "start": { "line": 41, "column": 0 },
        "end": { "line": 41, "column": 17 }
      },
      "41": {
        "start": { "line": 42, "column": 0 },
        "end": { "line": 42, "column": 21 }
      },
      "42": {
        "start": { "line": 43, "column": 0 },
        "end": { "line": 43, "column": 26 }
      },
      "43": {
        "start": { "line": 44, "column": 0 },
        "end": { "line": 44, "column": 13 }
      },
      "44": {
        "start": { "line": 45, "column": 0 },
        "end": { "line": 45, "column": 17 }
      },
      "45": {
        "start": { "line": 46, "column": 0 },
        "end": { "line": 46, "column": 7 }
      },
      "46": {
        "start": { "line": 47, "column": 0 },
        "end": { "line": 47, "column": 3 }
      },
      "47": {
        "start": { "line": 48, "column": 0 },
        "end": { "line": 48, "column": 0 }
      },
      "48": {
        "start": { "line": 49, "column": 0 },
        "end": { "line": 49, "column": 16 }
      },
      "49": {
        "start": { "line": 50, "column": 0 },
        "end": { "line": 50, "column": 1 }
      },
      "50": {
        "start": { "line": 51, "column": 0 },
        "end": { "line": 51, "column": 0 }
      },
      "51": {
        "start": { "line": 52, "column": 0 },
        "end": { "line": 52, "column": 20 }
      },
      "52": {
        "start": { "line": 53, "column": 0 },
        "end": { "line": 53, "column": 16 }
      },
      "53": {
        "start": { "line": 54, "column": 0 },
        "end": { "line": 54, "column": 67 }
      },
      "54": {
        "start": { "line": 55, "column": 0 },
        "end": { "line": 55, "column": 56 }
      },
      "55": {
        "start": { "line": 56, "column": 0 },
        "end": { "line": 56, "column": 0 }
      },
      "56": {
        "start": { "line": 57, "column": 0 },
        "end": { "line": 57, "column": 38 }
      },
      "57": {
        "start": { "line": 58, "column": 0 },
        "end": { "line": 58, "column": 0 }
      },
      "58": {
        "start": { "line": 59, "column": 0 },
        "end": { "line": 59, "column": 43 }
      },
      "59": {
        "start": { "line": 60, "column": 0 },
        "end": { "line": 60, "column": 43 }
      },
      "60": {
        "start": { "line": 61, "column": 0 },
        "end": { "line": 61, "column": 43 }
      },
      "61": {
        "start": { "line": 62, "column": 0 },
        "end": { "line": 62, "column": 0 }
      },
      "62": {
        "start": { "line": 63, "column": 0 },
        "end": { "line": 63, "column": 68 }
      },
      "63": {
        "start": { "line": 64, "column": 0 },
        "end": { "line": 64, "column": 17 }
      },
      "64": {
        "start": { "line": 65, "column": 0 },
        "end": { "line": 65, "column": 65 }
      },
      "65": {
        "start": { "line": 66, "column": 0 },
        "end": { "line": 66, "column": 3 }
      },
      "66": {
        "start": { "line": 67, "column": 0 },
        "end": { "line": 67, "column": 55 }
      },
      "67": {
        "start": { "line": 68, "column": 0 },
        "end": { "line": 68, "column": 0 }
      },
      "68": {
        "start": { "line": 69, "column": 0 },
        "end": { "line": 69, "column": 48 }
      },
      "69": {
        "start": { "line": 70, "column": 0 },
        "end": { "line": 70, "column": 1 }
      },
      "70": {
        "start": { "line": 71, "column": 0 },
        "end": { "line": 71, "column": 0 }
      },
      "71": {
        "start": { "line": 72, "column": 0 },
        "end": { "line": 72, "column": 53 }
      },
      "72": {
        "start": { "line": 73, "column": 0 },
        "end": { "line": 73, "column": 52 }
      },
      "73": {
        "start": { "line": 74, "column": 0 },
        "end": { "line": 74, "column": 0 }
      },
      "74": {
        "start": { "line": 75, "column": 0 },
        "end": { "line": 75, "column": 35 }
      },
      "75": {
        "start": { "line": 76, "column": 0 },
        "end": { "line": 76, "column": 0 }
      },
      "76": {
        "start": { "line": 77, "column": 0 },
        "end": { "line": 77, "column": 28 }
      },
      "77": {
        "start": { "line": 78, "column": 0 },
        "end": { "line": 78, "column": 1 }
      },
      "78": {
        "start": { "line": 79, "column": 0 },
        "end": { "line": 79, "column": 0 }
      },
      "79": {
        "start": { "line": 80, "column": 0 },
        "end": { "line": 80, "column": 21 }
      },
      "80": {
        "start": { "line": 81, "column": 0 },
        "end": { "line": 81, "column": 23 }
      },
      "81": {
        "start": { "line": 82, "column": 0 },
        "end": { "line": 82, "column": 50 }
      },
      "82": {
        "start": { "line": 83, "column": 0 },
        "end": { "line": 83, "column": 36 }
      },
      "83": {
        "start": { "line": 84, "column": 0 },
        "end": { "line": 84, "column": 42 }
      },
      "84": {
        "start": { "line": 85, "column": 0 },
        "end": { "line": 85, "column": 49 }
      },
      "85": {
        "start": { "line": 86, "column": 0 },
        "end": { "line": 86, "column": 0 }
      },
      "86": {
        "start": { "line": 87, "column": 0 },
        "end": { "line": 87, "column": 59 }
      },
      "87": {
        "start": { "line": 88, "column": 0 },
        "end": { "line": 88, "column": 0 }
      },
      "88": {
        "start": { "line": 89, "column": 0 },
        "end": { "line": 89, "column": 69 }
      },
      "89": {
        "start": { "line": 90, "column": 0 },
        "end": { "line": 90, "column": 0 }
      },
      "90": {
        "start": { "line": 91, "column": 0 },
        "end": { "line": 91, "column": 48 }
      },
      "91": {
        "start": { "line": 92, "column": 0 },
        "end": { "line": 92, "column": 0 }
      },
      "92": {
        "start": { "line": 93, "column": 0 },
        "end": { "line": 93, "column": 33 }
      },
      "93": {
        "start": { "line": 94, "column": 0 },
        "end": { "line": 94, "column": 1 }
      }
    },
    "s": {
      "0": 1,
      "1": 1,
      "2": 1,
      "3": 1,
      "4": 1,
      "5": 1,
      "6": 1,
      "7": 1,
      "8": 1,
      "9": 1,
      "10": 1,
      "11": 1,
      "12": 1,
      "13": 1,
      "14": 1,
      "15": 1,
      "16": 1,
      "17": 1,
      "18": 1,
      "19": 1,
      "20": 1,
      "21": 1,
      "22": 1,
      "23": 10,
      "24": 10,
      "25": 10,
      "26": 10,
      "27": 10,
      "28": 10,
      "29": 10,
      "30": 10,
      "31": 10,
      "32": 10,
      "33": 10,
      "34": 10,
      "35": 10,
      "36": 10,
      "37": 10,
      "38": 10,
      "39": 20,
      "40": 20,
      "41": 20,
      "42": 20,
      "43": 20,
      "44": 20,
      "45": 20,
      "46": 20,
      "47": 10,
      "48": 10,
      "49": 10,
      "50": 1,
      "51": 10,
      "52": 10,
      "53": 10,
      "54": 10,
      "55": 10,
      "56": 10,
      "57": 10,
      "58": 10,
      "59": 10,
      "60": 10,
      "61": 10,
      "62": 10,
      "63": 10,
      "64": 2,
      "65": 2,
      "66": 10,
      "67": 10,
      "68": 10,
      "69": 10,
      "70": 1,
      "71": 10,
      "72": 10,
      "73": 10,
      "74": 10,
      "75": 2,
      "76": 2,
      "77": 2,
      "78": 1,
      "79": 10,
      "80": 10,
      "81": 10,
      "82": 10,
      "83": 10,
      "84": 10,
      "85": 10,
      "86": 10,
      "87": 9,
      "88": 9,
      "89": 9,
      "90": 10,
      "91": 10,
      "92": 10,
      "93": 10
    },
    "branchMap": {
      "0": {
        "type": "branch",
        "line": 23,
        "loc": {
          "start": { "line": 23, "column": 7 },
          "end": { "line": 50, "column": 1 }
        },
        "locations": [
          {
            "start": { "line": 23, "column": 7 },
            "end": { "line": 50, "column": 1 }
          }
        ]
      },
      "1": {
        "type": "branch",
        "line": 37,
        "loc": {
          "start": { "line": 37, "column": 29 },
          "end": { "line": 37, "column": 37 }
        },
        "locations": [
          {
            "start": { "line": 37, "column": 29 },
            "end": { "line": 37, "column": 37 }
          }
        ]
      },
      "2": {
        "type": "branch",
        "line": 39,
        "loc": {
          "start": { "line": 39, "column": 49 },
          "end": { "line": 47, "column": 3 }
        },
        "locations": [
          {
            "start": { "line": 39, "column": 49 },
            "end": { "line": 47, "column": 3 }
          }
        ]
      },
      "3": {
        "type": "branch",
        "line": 40,
        "loc": {
          "start": { "line": 40, "column": 19 },
          "end": { "line": 40, "column": 45 }
        },
        "locations": [
          {
            "start": { "line": 40, "column": 19 },
            "end": { "line": 40, "column": 45 }
          }
        ]
      },
      "4": {
        "type": "branch",
        "line": 52,
        "loc": {
          "start": { "line": 52, "column": 0 },
          "end": { "line": 70, "column": 1 }
        },
        "locations": [
          {
            "start": { "line": 52, "column": 0 },
            "end": { "line": 70, "column": 1 }
          }
        ]
      },
      "5": {
        "type": "branch",
        "line": 61,
        "loc": {
          "start": { "line": 61, "column": 13 },
          "end": { "line": 61, "column": 34 }
        },
        "locations": [
          {
            "start": { "line": 61, "column": 13 },
            "end": { "line": 61, "column": 34 }
          }
        ]
      },
      "6": {
        "type": "branch",
        "line": 61,
        "loc": {
          "start": { "line": 61, "column": 13 },
          "end": { "line": 61, "column": 43 }
        },
        "locations": [
          {
            "start": { "line": 61, "column": 13 },
            "end": { "line": 61, "column": 43 }
          }
        ]
      },
      "7": {
        "type": "branch",
        "line": 63,
        "loc": {
          "start": { "line": 63, "column": 45 },
          "end": { "line": 63, "column": 58 }
        },
        "locations": [
          {
            "start": { "line": 63, "column": 45 },
            "end": { "line": 63, "column": 58 }
          }
        ]
      },
      "8": {
        "type": "branch",
        "line": 64,
        "loc": {
          "start": { "line": 64, "column": 16 },
          "end": { "line": 66, "column": 3 }
        },
        "locations": [
          {
            "start": { "line": 64, "column": 16 },
            "end": { "line": 66, "column": 3 }
          }
        ]
      },
      "9": {
        "type": "branch",
        "line": 72,
        "loc": {
          "start": { "line": 72, "column": 0 },
          "end": { "line": 78, "column": 1 }
        },
        "locations": [
          {
            "start": { "line": 72, "column": 0 },
            "end": { "line": 78, "column": 1 }
          }
        ]
      },
      "10": {
        "type": "branch",
        "line": 75,
        "loc": {
          "start": { "line": 75, "column": 23 },
          "end": { "line": 75, "column": 30 }
        },
        "locations": [
          {
            "start": { "line": 75, "column": 23 },
            "end": { "line": 75, "column": 30 }
          }
        ]
      },
      "11": {
        "type": "branch",
        "line": 75,
        "loc": {
          "start": { "line": 75, "column": 23 },
          "end": { "line": 78, "column": 1 }
        },
        "locations": [
          {
            "start": { "line": 75, "column": 23 },
            "end": { "line": 78, "column": 1 }
          }
        ]
      },
      "12": {
        "type": "branch",
        "line": 80,
        "loc": {
          "start": { "line": 80, "column": 0 },
          "end": { "line": 94, "column": 1 }
        },
        "locations": [
          {
            "start": { "line": 80, "column": 0 },
            "end": { "line": 94, "column": 1 }
          }
        ]
      },
      "13": {
        "type": "branch",
        "line": 87,
        "loc": {
          "start": { "line": 87, "column": 23 },
          "end": { "line": 87, "column": 30 }
        },
        "locations": [
          {
            "start": { "line": 87, "column": 23 },
            "end": { "line": 87, "column": 30 }
          }
        ]
      },
      "14": {
        "type": "branch",
        "line": 87,
        "loc": {
          "start": { "line": 87, "column": 23 },
          "end": { "line": 91, "column": 22 }
        },
        "locations": [
          {
            "start": { "line": 87, "column": 23 },
            "end": { "line": 91, "column": 22 }
          }
        ]
      },
      "15": {
        "type": "branch",
        "line": 91,
        "loc": {
          "start": { "line": 91, "column": 15 },
          "end": { "line": 91, "column": 43 }
        },
        "locations": [
          {
            "start": { "line": 91, "column": 15 },
            "end": { "line": 91, "column": 43 }
          }
        ]
      },
      "16": {
        "type": "branch",
        "line": 91,
        "loc": {
          "start": { "line": 91, "column": 15 },
          "end": { "line": 91, "column": 48 }
        },
        "locations": [
          {
            "start": { "line": 91, "column": 15 },
            "end": { "line": 91, "column": 48 }
          }
        ]
      },
      "17": {
        "type": "branch",
        "line": 89,
        "loc": {
          "start": { "line": 89, "column": 48 },
          "end": { "line": 89, "column": 63 }
        },
        "locations": [
          {
            "start": { "line": 89, "column": 48 },
            "end": { "line": 89, "column": 63 }
          }
        ]
      }
    },
    "b": {
      "0": [10],
      "1": [8],
      "2": [20],
      "3": [8],
      "4": [10],
      "5": [8],
      "6": [2],
      "7": [8],
      "8": [2],
      "9": [10],
      "10": [8],
      "11": [2],
      "12": [10],
      "13": [1],
      "14": [9],
      "15": [1],
      "16": [8],
      "17": [12]
    },
    "fnMap": {
      "0": {
        "name": "parseExercise",
        "decl": {
          "start": { "line": 23, "column": 7 },
          "end": { "line": 50, "column": 1 }
        },
        "loc": {
          "start": { "line": 23, "column": 7 },
          "end": { "line": 50, "column": 1 }
        },
        "line": 23
      },
      "1": {
        "name": "parseParts",
        "decl": {
          "start": { "line": 52, "column": 0 },
          "end": { "line": 70, "column": 1 }
        },
        "loc": {
          "start": { "line": 52, "column": 0 },
          "end": { "line": 70, "column": 1 }
        },
        "line": 52
      },
      "2": {
        "name": "parseSets",
        "decl": {
          "start": { "line": 72, "column": 0 },
          "end": { "line": 78, "column": 1 }
        },
        "loc": {
          "start": { "line": 72, "column": 0 },
          "end": { "line": 78, "column": 1 }
        },
        "line": 72
      },
      "3": {
        "name": "parseWeight",
        "decl": {
          "start": { "line": 80, "column": 0 },
          "end": { "line": 94, "column": 1 }
        },
        "loc": {
          "start": { "line": 80, "column": 0 },
          "end": { "line": 94, "column": 1 }
        },
        "line": 80
      }
    },
    "f": { "0": 10, "1": 10, "2": 10, "3": 10 }
  },
  "/Users/milk/Development/stronger/test/mocks/date.ts": {
    "path": "/Users/milk/Development/stronger/test/mocks/date.ts",
    "all": false,
    "statementMap": {
      "0": {
        "start": { "line": 1, "column": 0 },
        "end": { "line": 1, "column": 3 }
      },
      "1": {
        "start": { "line": 2, "column": 0 },
        "end": { "line": 2, "column": 66 }
      },
      "2": {
        "start": { "line": 3, "column": 0 },
        "end": { "line": 3, "column": 50 }
      },
      "3": {
        "start": { "line": 4, "column": 0 },
        "end": { "line": 4, "column": 3 }
      },
      "4": {
        "start": { "line": 5, "column": 0 },
        "end": { "line": 5, "column": 45 }
      },
      "5": {
        "start": { "line": 6, "column": 0 },
        "end": { "line": 6, "column": 21 }
      },
      "6": {
        "start": { "line": 7, "column": 0 },
        "end": { "line": 7, "column": 0 }
      },
      "7": {
        "start": { "line": 8, "column": 0 },
        "end": { "line": 8, "column": 55 }
      },
      "8": {
        "start": { "line": 9, "column": 0 },
        "end": { "line": 9, "column": 40 }
      },
      "9": {
        "start": { "line": 10, "column": 0 },
        "end": { "line": 10, "column": 51 }
      },
      "10": {
        "start": { "line": 11, "column": 0 },
        "end": { "line": 11, "column": 47 }
      },
      "11": {
        "start": { "line": 12, "column": 0 },
        "end": { "line": 12, "column": 3 }
      },
      "12": {
        "start": { "line": 13, "column": 0 },
        "end": { "line": 13, "column": 0 }
      },
      "13": {
        "start": { "line": 14, "column": 0 },
        "end": { "line": 14, "column": 27 }
      },
      "14": {
        "start": { "line": 15, "column": 0 },
        "end": { "line": 15, "column": 31 }
      },
      "15": {
        "start": { "line": 16, "column": 0 },
        "end": { "line": 16, "column": 42 }
      },
      "16": {
        "start": { "line": 17, "column": 0 },
        "end": { "line": 17, "column": 54 }
      },
      "17": {
        "start": { "line": 18, "column": 0 },
        "end": { "line": 18, "column": 57 }
      },
      "18": {
        "start": { "line": 19, "column": 0 },
        "end": { "line": 19, "column": 39 }
      },
      "19": {
        "start": { "line": 20, "column": 0 },
        "end": { "line": 20, "column": 0 }
      },
      "20": {
        "start": { "line": 21, "column": 0 },
        "end": { "line": 21, "column": 50 }
      },
      "21": {
        "start": { "line": 22, "column": 0 },
        "end": { "line": 22, "column": 60 }
      },
      "22": {
        "start": { "line": 23, "column": 0 },
        "end": { "line": 23, "column": 32 }
      },
      "23": {
        "start": { "line": 24, "column": 0 },
        "end": { "line": 24, "column": 0 }
      },
      "24": {
        "start": { "line": 25, "column": 0 },
        "end": { "line": 25, "column": 46 }
      },
      "25": {
        "start": { "line": 26, "column": 0 },
        "end": { "line": 26, "column": 16 }
      },
      "26": {
        "start": { "line": 27, "column": 0 },
        "end": { "line": 27, "column": 24 }
      },
      "27": {
        "start": { "line": 28, "column": 0 },
        "end": { "line": 28, "column": 4 }
      },
      "28": {
        "start": { "line": 29, "column": 0 },
        "end": { "line": 29, "column": 2 }
      }
    },
    "s": {
      "0": 1,
      "1": 1,
      "2": 1,
      "3": 1,
      "4": 1,
      "5": 1,
      "6": 1,
      "7": 1,
      "8": 1,
      "9": 1,
      "10": 10,
      "11": 10,
      "12": 1,
      "13": 1,
      "14": 1,
      "15": 1,
      "16": 1,
      "17": 1,
      "18": 1,
      "19": 1,
      "20": 1,
      "21": 1,
      "22": 1,
      "23": 1,
      "24": 1,
      "25": 1,
      "26": 0,
      "27": 0,
      "28": 1
    },
    "branchMap": {
      "0": {
        "type": "branch",
        "line": 5,
        "loc": {
          "start": { "line": 5, "column": 25 },
          "end": { "line": 29, "column": 2 }
        },
        "locations": [
          {
            "start": { "line": 5, "column": 25 },
            "end": { "line": 29, "column": 2 }
          }
        ]
      },
      "1": {
        "type": "branch",
        "line": 10,
        "loc": {
          "start": { "line": 10, "column": 2 },
          "end": { "line": 12, "column": 3 }
        },
        "locations": [
          {
            "start": { "line": 10, "column": 2 },
            "end": { "line": 12, "column": 3 }
          }
        ]
      }
    },
    "b": { "0": [1], "1": [10] },
    "fnMap": {
      "0": {
        "name": "mockDate",
        "decl": {
          "start": { "line": 5, "column": 25 },
          "end": { "line": 29, "column": 2 }
        },
        "loc": {
          "start": { "line": 5, "column": 25 },
          "end": { "line": 29, "column": 2 }
        },
        "line": 5
      },
      "1": {
        "name": "MockDate",
        "decl": {
          "start": { "line": 10, "column": 2 },
          "end": { "line": 12, "column": 3 }
        },
        "loc": {
          "start": { "line": 10, "column": 2 },
          "end": { "line": 12, "column": 3 }
        },
        "line": 10
      },
      "2": {
        "name": "MockDate.now",
        "decl": {
          "start": { "line": 16, "column": 17 },
          "end": { "line": 16, "column": 31 }
        },
        "loc": {
          "start": { "line": 16, "column": 17 },
          "end": { "line": 16, "column": 31 }
        },
        "line": 16
      }
    },
    "f": { "0": 1, "1": 10, "2": 0 }
  }
}
