TN:
SF:src/domain/index.ts
FN:23,parseExercise
FN:52,parseParts
FN:72,parseSets
FN:80,parseWeight
FNF:4
FNH:4
FNDA:10,parseExercise
FNDA:10,parseParts
FNDA:10,parseSets
FNDA:10,parseWeight
DA:1,1
DA:2,1
DA:3,1
DA:4,1
DA:5,1
DA:6,1
DA:7,1
DA:8,1
DA:9,1
DA:10,1
DA:11,1
DA:12,1
DA:13,1
DA:14,1
DA:15,1
DA:16,1
DA:17,1
DA:18,1
DA:19,1
DA:20,1
DA:21,1
DA:22,1
DA:23,1
DA:24,10
DA:25,10
DA:26,10
DA:27,10
DA:28,10
DA:29,10
DA:30,10
DA:31,10
DA:32,10
DA:33,10
DA:34,10
DA:35,10
DA:36,10
DA:37,10
DA:38,10
DA:39,10
DA:40,20
DA:41,20
DA:42,20
DA:43,20
DA:44,20
DA:45,20
DA:46,20
DA:47,20
DA:48,10
DA:49,10
DA:50,10
DA:51,1
DA:52,10
DA:53,10
DA:54,10
DA:55,10
DA:56,10
DA:57,10
DA:58,10
DA:59,10
DA:60,10
DA:61,10
DA:62,10
DA:63,10
DA:64,10
DA:65,2
DA:66,2
DA:67,10
DA:68,10
DA:69,10
DA:70,10
DA:71,1
DA:72,10
DA:73,10
DA:74,10
DA:75,10
DA:76,2
DA:77,2
DA:78,2
DA:79,1
DA:80,10
DA:81,10
DA:82,10
DA:83,10
DA:84,10
DA:85,10
DA:86,10
DA:87,10
DA:88,9
DA:89,9
DA:90,9
DA:91,10
DA:92,10
DA:93,10
DA:94,10
LF:94
LH:94
BRDA:23,0,0,10
BRDA:37,1,0,8
BRDA:39,2,0,20
BRDA:40,3,0,8
BRDA:52,4,0,10
BRDA:61,5,0,8
BRDA:61,6,0,2
BRDA:63,7,0,8
BRDA:64,8,0,2
BRDA:72,9,0,10
BRDA:75,10,0,8
BRDA:75,11,0,2
BRDA:80,12,0,10
BRDA:87,13,0,1
BRDA:87,14,0,9
BRDA:91,15,0,1
BRDA:91,16,0,8
BRDA:89,17,0,12
BRF:18
BRH:18
end_of_record
TN:
SF:test/mocks/date.ts
FN:5,mockDate
FN:10,MockDate
FN:16,MockDate.now
FNF:3
FNH:2
FNDA:1,mockDate
FNDA:10,MockDate
FNDA:0,MockDate.now
DA:1,1
DA:2,1
DA:3,1
DA:4,1
DA:5,1
DA:6,1
DA:7,1
DA:8,1
DA:9,1
DA:10,1
DA:11,10
DA:12,10
DA:13,1
DA:14,1
DA:15,1
DA:16,1
DA:17,1
DA:18,1
DA:19,1
DA:20,1
DA:21,1
DA:22,1
DA:23,1
DA:24,1
DA:25,1
DA:26,1
DA:27,0
DA:28,0
DA:29,1
LF:29
LH:27
BRDA:5,0,0,1
BRDA:10,1,0,10
BRF:2
BRH:2
end_of_record
